<?xml version="1.0" encoding="UTF-8"?>
<!-- Generated by org.testng.reporters.JUnitReportReporter -->
<testsuite hostname="lenovo-PC" failures="0" tests="3" name="test.day2" time="0.020" errors="0" timestamp="2020-06-28T12:14:21 IST" skipped="0">
  <testcase classname="test.day2" name="carloan3" time="0.002"/>
  <system-out/>
  <testcase classname="test.day2" name="carloan2" time="0.002"/>
  <system-out/>
  <testcase classname="test.day2" name="carloan" time="0.016"/>
  <system-out/>
</testsuite> <!-- test.day2 -->
