<?xml version="1.0" encoding="UTF-8"?>
<!-- Generated by org.testng.reporters.JUnitReportReporter -->
<testsuite hostname="lenovo-PC" failures="0" tests="3" name="test.day3" time="0.017" errors="0" timestamp="2020-03-06T13:27:37 IST" skipped="0">
  <testcase classname="test.day3" name="bikeloan2" time="0.006"/>
  <testcase classname="test.day3" name="bikeloan3" time="0.006"/>
  <testcase classname="test.day3" name="bikeloan" time="0.005"/>
</testsuite> <!-- test.day3 -->
