<?xml version="1.0" encoding="UTF-8"?>
<!-- Generated by org.testng.reporters.JUnitReportReporter -->
<testsuite hostname="lenovo-PC" failures="0" tests="2" name="Annotations" time="0.035" errors="0" timestamp="2020-03-06T11:28:24 IST" skipped="0">
  <testcase classname="Annotations" name="demo" time="0.031"/>
  <testcase classname="Annotations" name="loan" time="0.004"/>
</testsuite> <!-- Annotations -->
