<?xml version="1.0" encoding="UTF-8"?>
<!-- Generated by org.testng.reporters.JUnitReportReporter -->
<testsuite hostname="lenovo-PC" failures="0" tests="2" name="test.day1" time="0.044" errors="0" timestamp="2020-03-06T13:10:55 IST" skipped="0">
  <testcase classname="test.day1" name="demo" time="0.040"/>
  <testcase classname="test.day1" name="loan" time="0.004"/>
</testsuite> <!-- test.day1 -->
