<?xml version="1.0" encoding="UTF-8"?>
<!-- Generated by org.testng.reporters.JUnitReportReporter -->
<testsuite hostname="lenovo-PC" failures="0" tests="3" name="test.day4" time="0.015" errors="0" timestamp="2020-03-06T13:27:37 IST" skipped="0">
  <testcase classname="test.day4" name="bankhomeloan3" time="0.005"/>
  <testcase classname="test.day4" name="bankhomeloan" time="0.004"/>
  <testcase classname="test.day4" name="bankhomeloan2" time="0.006"/>
</testsuite> <!-- test.day4 -->
